<?xml version="1.0" encoding="UTF-8"?>
<!-- Generated by org.testng.reporters.JUnitReportReporter -->
<testsuite skipped="0" hostname="sms-wks-207" name="tests.AddProductTests" tests="1" failures="0" timestamp="26 апр 2018 04:19:07 GMT" time="5.474" errors="0">
  <testcase name="testAddProductLevelOne" time="5.474" classname="tests.AddProductTests"/>
</testsuite> <!-- tests.AddProductTests -->
